{"/Users/infinitelearner/Code-Repos/vibhordubey/src/content.config.ts": {"path":"/Users/infinitelearner/Code-Repos/vibhordubey/src/content.config.ts","statementMap":{"0":{"start":{"line":5,"column":6},"end":{"line":27,"column":null}},"1":{"start":{"line":29,"column":27},"end":{"line":29,"column":null}}},"fnMap":{},"branchMap":{},"s":{"0":1,"1":1},"f":{},"b":{},"meta":{"lastBranch":0,"lastFunction":0,"lastStatement":2,"seen":{"s:5:6:27:Infinity":0,"s:29:27:29:Infinity":1}}}
,"/Users/infinitelearner/Code-Repos/vibhordubey/src/components/AuthorBio.astro": {"path":"/Users/infinitelearner/Code-Repos/vibhordubey/src/components/AuthorBio.astro","statementMap":{"0":{"start":{"line":1,"column":0},"end":{"line":1,"column":null}},"1":{"start":{"line":9,"column":28},"end":{"line":9,"column":null}},"2":{"start":{"line":1,"column":0},"end":{"line":16,"column":null}}},"fnMap":{"0":{"name":"(anonymous_0)","decl":{"start":{"line":1,"column":0},"end":{"line":1,"column":null}},"loc":{"start":{"line":1,"column":0},"end":{"line":1,"column":null}},"line":1}},"branchMap":{"0":{"loc":{"start":{"line":9,"column":8},"end":{"line":9,"column":24}},"type":"default-arg","locations":[{"start":{"line":9,"column":18},"end":{"line":9,"column":24}}],"line":9},"1":{"loc":{"start":{"line":12,"column":34},"end":{"line":12,"column":null}},"type":"binary-expr","locations":[{"start":{"line":12,"column":34},"end":{"line":12,"column":45}},{"start":{"line":12,"column":45},"end":{"line":12,"column":null}}],"line":12}},"s":{"0":3,"1":3,"2":3},"f":{"0":3},"b":{"0":[3],"1":[3,0]},"meta":{"lastBranch":2,"lastFunction":1,"lastStatement":3,"seen":{"s:1:0:1:Infinity":0,"f:1:0:1:Infinity":0,"s:9:28:9:Infinity":1,"b:9:18:9:24":0,"s:1:0:16:Infinity":2,"b:12:34:12:45:12:45:12:Infinity":1}}}
,"/Users/infinitelearner/Code-Repos/vibhordubey/src/components/Head.astro": {"path":"/Users/infinitelearner/Code-Repos/vibhordubey/src/components/Head.astro","statementMap":{"0":{"start":{"line":3,"column":0},"end":{"line":3,"column":null}},"1":{"start":{"line":1,"column":0},"end":{"line":1,"column":null}},"2":{"start":{"line":33,"column":4},"end":{"line":33,"column":null}},"3":{"start":{"line":35,"column":17},"end":{"line":35,"column":null}},"4":{"start":{"line":36,"column":18},"end":{"line":36,"column":null}},"5":{"start":{"line":37,"column":6},"end":{"line":37,"column":null}},"6":{"start":{"line":38,"column":6},"end":{"line":38,"column":null}},"7":{"start":{"line":39,"column":6},"end":{"line":39,"column":null}},"8":{"start":{"line":40,"column":21},"end":{"line":40,"column":null}},"9":{"start":{"line":41,"column":24},"end":{"line":41,"column":null}},"10":{"start":{"line":1,"column":0},"end":{"line":83,"column":null}},"11":{"start":{"line":80,"column":17},"end":{"line":2,"column":null}}},"fnMap":{"0":{"name":"(anonymous_0)","decl":{"start":{"line":1,"column":0},"end":{"line":1,"column":null}},"loc":{"start":{"line":1,"column":0},"end":{"line":1,"column":null}},"line":1},"1":{"name":"(anonymous_1)","decl":{"start":{"line":77,"column":11},"end":{"line":77,"column":12}},"loc":{"start":{"line":1,"column":0},"end":{"line":1,"column":null}},"line":1},"2":{"name":"(anonymous_2)","decl":{"start":{"line":80,"column":16},"end":{"line":80,"column":17}},"loc":{"start":{"line":80,"column":17},"end":{"line":2,"column":null}},"line":80}},"branchMap":{"0":{"loc":{"start":{"line":23,"column":2},"end":{"line":23,"column":null}},"type":"default-arg","locations":[{"start":{"line":23,"column":10},"end":{"line":23,"column":null}}],"line":23},"1":{"loc":{"start":{"line":24,"column":2},"end":{"line":24,"column":null}},"type":"default-arg","locations":[{"start":{"line":24,"column":16},"end":{"line":24,"column":null}}],"line":24},"2":{"loc":{"start":{"line":25,"column":2},"end":{"line":25,"column":null}},"type":"default-arg","locations":[{"start":{"line":25,"column":18},"end":{"line":25,"column":null}}],"line":25},"3":{"loc":{"start":{"line":26,"column":2},"end":{"line":26,"column":null}},"type":"default-arg","locations":[{"start":{"line":26,"column":10},"end":{"line":26,"column":null}}],"line":26},"4":{"loc":{"start":{"line":27,"column":2},"end":{"line":27,"column":null}},"type":"default-arg","locations":[{"start":{"line":27,"column":9},"end":{"line":27,"column":null}}],"line":27},"5":{"loc":{"start":{"line":30,"column":2},"end":{"line":30,"column":null}},"type":"default-arg","locations":[{"start":{"line":30,"column":9},"end":{"line":30,"column":null}}],"line":30},"6":{"loc":{"start":{"line":31,"column":2},"end":{"line":31,"column":null}},"type":"default-arg","locations":[{"start":{"line":31,"column":11},"end":{"line":31,"column":null}}],"line":31},"7":{"loc":{"start":{"line":32,"column":2},"end":{"line":32,"column":null}},"type":"default-arg","locations":[{"start":{"line":32,"column":12},"end":{"line":32,"column":null}}],"line":32},"8":{"loc":{"start":{"line":36,"column":18},"end":{"line":36,"column":null}},"type":"cond-expr","locations":[{"start":{"line":36,"column":39},"end":{"line":36,"column":47}},{"start":{"line":36,"column":47},"end":{"line":36,"column":null}}],"line":36},"9":{"loc":{"start":{"line":37,"column":48},"end":{"line":37,"column":79}},"type":"binary-expr","locations":[{"start":{"line":37,"column":48},"end":{"line":37,"column":62}},{"start":{"line":37,"column":62},"end":{"line":37,"column":79}}],"line":37},"10":{"loc":{"start":{"line":38,"column":41},"end":{"line":38,"column":72}},"type":"binary-expr","locations":[{"start":{"line":38,"column":41},"end":{"line":38,"column":55}},{"start":{"line":38,"column":55},"end":{"line":38,"column":72}}],"line":38},"11":{"loc":{"start":{"line":39,"column":47},"end":{"line":39,"column":78}},"type":"binary-expr","locations":[{"start":{"line":39,"column":47},"end":{"line":39,"column":61}},{"start":{"line":39,"column":61},"end":{"line":39,"column":78}}],"line":39},"12":{"loc":{"start":{"line":40,"column":21},"end":{"line":40,"column":null}},"type":"cond-expr","locations":[{"start":{"line":40,"column":45},"end":{"line":40,"column":54}},{"start":{"line":40,"column":54},"end":{"line":40,"column":null}}],"line":40},"13":{"loc":{"start":{"line":51,"column":1},"end":{"line":1,"column":null}},"type":"binary-expr","locations":[{"start":{"line":51,"column":1},"end":{"line":51,"column":61}},{"start":{"line":1,"column":0},"end":{"line":1,"column":null}}],"line":51},"14":{"loc":{"start":{"line":53,"column":51},"end":{"line":53,"column":null}},"type":"binary-expr","locations":[{"start":{"line":53,"column":51},"end":{"line":53,"column":65}},{"start":{"line":53,"column":65},"end":{"line":53,"column":null}}],"line":53},"15":{"loc":{"start":{"line":70,"column":1},"end":{"line":1,"column":null}},"type":"binary-expr","locations":[{"start":{"line":70,"column":1},"end":{"line":70,"column":23}},{"start":{"line":70,"column":23},"end":{"line":70,"column":null}},{"start":{"line":1,"column":0},"end":{"line":1,"column":null}}],"line":70},"16":{"loc":{"start":{"line":73,"column":1},"end":{"line":1,"column":null}},"type":"binary-expr","locations":[{"start":{"line":73,"column":1},"end":{"line":73,"column":23}},{"start":{"line":73,"column":23},"end":{"line":73,"column":null}},{"start":{"line":1,"column":0},"end":{"line":1,"column":null}}],"line":73},"17":{"loc":{"start":{"line":76,"column":1},"end":{"line":77,"column":66}},"type":"binary-expr","locations":[{"start":{"line":76,"column":1},"end":{"line":76,"column":null}},{"start":{"line":77,"column":2},"end":{"line":77,"column":66}}],"line":76},"18":{"loc":{"start":{"line":1,"column":0},"end":{"line":2,"column":null}},"type":"binary-expr","locations":[{"start":{"line":1,"column":0},"end":{"line":1,"column":null}},{"start":{"line":1,"column":0},"end":{"line":2,"column":null}}],"line":1}},"s":{"0":9,"1":3,"2":16,"3":16,"4":16,"5":16,"6":16,"7":16,"8":16,"9":16,"10":16,"11":7},"f":{"0":16,"1":3,"2":7},"b":{"0":[16],"1":[16],"2":[16],"3":[16],"4":[16],"5":[16],"6":[16],"7":[16],"8":[6,10],"9":[16,16],"10":[16,16],"11":[16,16],"12":[13,3],"13":[16,3],"14":[16,16],"15":[16,3,3],"16":[16,3,2],"17":[16,3],"18":[7,4]},"meta":{"lastBranch":19,"lastFunction":3,"lastStatement":12,"seen":{"s:3:0:3:Infinity":0,"s:1:0:1:Infinity":1,"f:1:0:1:Infinity":0,"s:33:4:33:Infinity":2,"b:23:10:23:Infinity":0,"b:24:16:24:Infinity":1,"b:25:18:25:Infinity":2,"b:26:10:26:Infinity":3,"b:27:9:27:Infinity":4,"b:30:9:30:Infinity":5,"b:31:11:31:Infinity":6,"b:32:12:32:Infinity":7,"s:35:17:35:Infinity":3,"s:36:18:36:Infinity":4,"b:36:39:36:47:36:47:36:Infinity":8,"s:37:6:37:Infinity":5,"b:37:48:37:62:37:62:37:79":9,"s:38:6:38:Infinity":6,"b:38:41:38:55:38:55:38:72":10,"s:39:6:39:Infinity":7,"b:39:47:39:61:39:61:39:78":11,"s:40:21:40:Infinity":8,"b:40:45:40:54:40:54:40:Infinity":12,"s:41:24:41:Infinity":9,"s:1:0:83:Infinity":10,"b:51:1:51:61:1:0:1:Infinity":13,"b:53:51:53:65:53:65:53:Infinity":14,"b:70:1:70:23:70:23:70:Infinity:1:0:1:Infinity":15,"b:73:1:73:23:73:23:73:Infinity:1:0:1:Infinity":16,"b:76:1:76:Infinity:77:2:77:66":17,"f:77:11:77:12":1,"f:80:16:80:17":2,"s:80:17:2:Infinity":11,"b:1:0:1:Infinity:1:0:2:Infinity":18}}}
,"/Users/infinitelearner/Code-Repos/vibhordubey/src/components/PostCard.astro": {"path":"/Users/infinitelearner/Code-Repos/vibhordubey/src/components/PostCard.astro","statementMap":{"0":{"start":{"line":1,"column":0},"end":{"line":1,"column":null}},"1":{"start":{"line":11,"column":17},"end":{"line":11,"column":null}},"2":{"start":{"line":12,"column":6},"end":{"line":12,"column":null}},"3":{"start":{"line":1,"column":0},"end":{"line":30,"column":11}}},"fnMap":{"0":{"name":"(anonymous_0)","decl":{"start":{"line":1,"column":0},"end":{"line":1,"column":null}},"loc":{"start":{"line":1,"column":0},"end":{"line":1,"column":null}},"line":1}},"branchMap":{"0":{"loc":{"start":{"line":27,"column":5},"end":{"line":27,"column":86}},"type":"binary-expr","locations":[{"start":{"line":27,"column":5},"end":{"line":27,"column":45}},{"start":{"line":1,"column":0},"end":{"line":27,"column":86}}],"line":27}},"s":{"0":4,"1":4,"2":4,"3":4},"f":{"0":4},"b":{"0":[4,0]},"meta":{"lastBranch":1,"lastFunction":1,"lastStatement":4,"seen":{"s:1:0:1:Infinity":0,"f:1:0:1:Infinity":0,"s:11:17:11:Infinity":1,"s:12:6:12:Infinity":2,"s:1:0:30:11":3,"b:27:5:27:45:1:0:27:86":0}}}
,"/Users/infinitelearner/Code-Repos/vibhordubey/src/components/Prose.astro": {"path":"/Users/infinitelearner/Code-Repos/vibhordubey/src/components/Prose.astro","statementMap":{"0":{"start":{"line":1,"column":0},"end":{"line":2,"column":null}}},"fnMap":{},"branchMap":{},"s":{"0":2},"f":{},"b":{},"meta":{"lastBranch":0,"lastFunction":0,"lastStatement":1,"seen":{"s:1:0:2:Infinity":0}}}
,"/Users/infinitelearner/Code-Repos/vibhordubey/src/components/SyndicationLinks.astro": {"path":"/Users/infinitelearner/Code-Repos/vibhordubey/src/components/SyndicationLinks.astro","statementMap":{"0":{"start":{"line":11,"column":23},"end":{"line":11,"column":null}},"1":{"start":{"line":1,"column":0},"end":{"line":32,"column":null}},"2":{"start":{"line":1,"column":0},"end":{"line":25,"column":null}}},"fnMap":{"0":{"name":"(anonymous_0)","decl":{"start":{"line":22,"column":19},"end":{"line":22,"column":20}},"loc":{"start":{"line":1,"column":0},"end":{"line":25,"column":null}},"line":1}},"branchMap":{"0":{"loc":{"start":{"line":11,"column":8},"end":{"line":11,"column":19}},"type":"default-arg","locations":[{"start":{"line":11,"column":16},"end":{"line":11,"column":19}}],"line":11},"1":{"loc":{"start":{"line":14,"column":1},"end":{"line":28,"column":null}},"type":"binary-expr","locations":[{"start":{"line":14,"column":1},"end":{"line":15,"column":null}},{"start":{"line":1,"column":0},"end":{"line":28,"column":null}}],"line":14}},"s":{"0":3,"1":3,"2":3},"f":{"0":3},"b":{"0":[3],"1":[3,2]},"meta":{"lastBranch":2,"lastFunction":1,"lastStatement":3,"seen":{"s:11:23:11:Infinity":0,"b:11:16:11:19":0,"s:1:0:32:Infinity":1,"b:14:1:15:Infinity:1:0:28:Infinity":1,"f:22:19:22:20":0,"s:1:0:25:Infinity":2}}}
,"/Users/infinitelearner/Code-Repos/vibhordubey/src/components/TagList.astro": {"path":"/Users/infinitelearner/Code-Repos/vibhordubey/src/components/TagList.astro","statementMap":{"0":{"start":{"line":1,"column":0},"end":{"line":1,"column":null}},"1":{"start":{"line":9,"column":17},"end":{"line":9,"column":null}},"2":{"start":{"line":1,"column":0},"end":{"line":21,"column":null}},"3":{"start":{"line":1,"column":0},"end":{"line":17,"column":null}}},"fnMap":{"0":{"name":"(anonymous_0)","decl":{"start":{"line":1,"column":0},"end":{"line":1,"column":null}},"loc":{"start":{"line":1,"column":0},"end":{"line":1,"column":null}},"line":1},"1":{"name":"(anonymous_1)","decl":{"start":{"line":14,"column":8},"end":{"line":14,"column":9}},"loc":{"start":{"line":1,"column":0},"end":{"line":17,"column":null}},"line":1}},"branchMap":{},"s":{"0":7,"1":7,"2":7,"3":8},"f":{"0":7,"1":8},"b":{},"meta":{"lastBranch":0,"lastFunction":2,"lastStatement":4,"seen":{"s:1:0:1:Infinity":0,"f:1:0:1:Infinity":0,"s:9:17:9:Infinity":1,"s:1:0:21:Infinity":2,"f:14:8:14:9":1,"s:1:0:17:Infinity":3}}}
,"/Users/infinitelearner/Code-Repos/vibhordubey/src/config/site.ts": {"path":"/Users/infinitelearner/Code-Repos/vibhordubey/src/config/site.ts","statementMap":{"0":{"start":{"line":1,"column":19},"end":{"line":32,"column":null}}},"fnMap":{},"branchMap":{},"s":{"0":16},"f":{},"b":{},"meta":{"lastBranch":0,"lastFunction":0,"lastStatement":1,"seen":{"s:1:19:32:Infinity":0}}}
,"/Users/infinitelearner/Code-Repos/vibhordubey/src/layouts/BaseLayout.astro": {"path":"/Users/infinitelearner/Code-Repos/vibhordubey/src/layouts/BaseLayout.astro","statementMap":{"0":{"start":{"line":9,"column":0},"end":{"line":9,"column":null}},"1":{"start":{"line":1,"column":0},"end":{"line":1,"column":null}},"2":{"start":{"line":39,"column":4},"end":{"line":39,"column":null}},"3":{"start":{"line":41,"column":20},"end":{"line":41,"column":null}},"4":{"start":{"line":42,"column":6},"end":{"line":42,"column":null}},"5":{"start":{"line":43,"column":6},"end":{"line":43,"column":null}},"6":{"start":{"line":44,"column":20},"end":{"line":47,"column":null}},"7":{"start":{"line":144,"column":8},"end":{"line":144,"column":null}},"8":{"start":{"line":146,"column":2},"end":{"line":148,"column":null}},"9":{"start":{"line":147,"column":4},"end":{"line":147,"column":null}},"10":{"start":{"line":150,"column":2},"end":{"line":150,"column":null}},"11":{"start":{"line":1,"column":0},"end":{"line":248,"column":null}},"12":{"start":{"line":1,"column":0},"end":{"line":187,"column":null}},"13":{"start":{"line":1,"column":0},"end":{"line":246,"column":null}}},"fnMap":{"0":{"name":"(anonymous_0)","decl":{"start":{"line":1,"column":0},"end":{"line":1,"column":null}},"loc":{"start":{"line":1,"column":0},"end":{"line":1,"column":null}},"line":1},"1":{"name":"isCurrent","decl":{"start":{"line":143,"column":9},"end":{"line":143,"column":19}},"loc":{"start":{"line":143,"column":33},"end":{"line":151,"column":null}},"line":143},"2":{"name":"(anonymous_2)","decl":{"start":{"line":185,"column":25},"end":{"line":185,"column":26}},"loc":{"start":{"line":1,"column":0},"end":{"line":187,"column":null}},"line":1},"3":{"name":"(anonymous_3)","decl":{"start":{"line":244,"column":26},"end":{"line":244,"column":27}},"loc":{"start":{"line":1,"column":0},"end":{"line":246,"column":null}},"line":1}},"branchMap":{"0":{"loc":{"start":{"line":31,"column":2},"end":{"line":31,"column":null}},"type":"default-arg","locations":[{"start":{"line":31,"column":18},"end":{"line":31,"column":null}}],"line":31},"1":{"loc":{"start":{"line":33,"column":2},"end":{"line":33,"column":null}},"type":"default-arg","locations":[{"start":{"line":33,"column":9},"end":{"line":33,"column":null}}],"line":33},"2":{"loc":{"start":{"line":36,"column":2},"end":{"line":36,"column":null}},"type":"default-arg","locations":[{"start":{"line":36,"column":9},"end":{"line":36,"column":null}}],"line":36},"3":{"loc":{"start":{"line":37,"column":2},"end":{"line":37,"column":null}},"type":"default-arg","locations":[{"start":{"line":37,"column":11},"end":{"line":37,"column":null}}],"line":37},"4":{"loc":{"start":{"line":38,"column":2},"end":{"line":38,"column":null}},"type":"default-arg","locations":[{"start":{"line":38,"column":12},"end":{"line":38,"column":null}}],"line":38},"5":{"loc":{"start":{"line":146,"column":2},"end":{"line":148,"column":null}},"type":"if","locations":[{"start":{"line":146,"column":2},"end":{"line":148,"column":null}},{"start":{},"end":{}}],"line":146},"6":{"loc":{"start":{"line":1,"column":0},"end":{"line":249,"column":null}},"type":"binary-expr","locations":[{"start":{"line":1,"column":0},"end":{"line":1,"column":null}},{"start":{"line":1,"column":0},"end":{"line":249,"column":null}}],"line":1},"7":{"loc":{"start":{"line":186,"column":32},"end":{"line":186,"column":76}},"type":"binary-expr","locations":[{"start":{"line":186,"column":32},"end":{"line":186,"column":56}},{"start":{"line":186,"column":56},"end":{"line":186,"column":76}}],"line":186}},"s":{"0":8,"1":10,"2":10,"3":10,"4":10,"5":10,"6":10,"7":20,"8":20,"9":0,"10":20,"11":10,"12":20,"13":20},"f":{"0":10,"1":20,"2":20,"3":20},"b":{"0":[10],"1":[10],"2":[10],"3":[10],"4":[10],"5":[0,20],"6":[10,8],"7":[20,0]},"meta":{"lastBranch":8,"lastFunction":4,"lastStatement":14,"seen":{"s:9:0:9:Infinity":0,"s:1:0:1:Infinity":1,"f:1:0:1:Infinity":0,"s:39:4:39:Infinity":2,"b:31:18:31:Infinity":0,"b:33:9:33:Infinity":1,"b:36:9:36:Infinity":2,"b:37:11:37:Infinity":3,"b:38:12:38:Infinity":4,"s:41:20:41:Infinity":3,"s:42:6:42:Infinity":4,"s:43:6:43:Infinity":5,"s:44:20:47:Infinity":6,"f:143:9:143:19":1,"s:144:8:144:Infinity":7,"b:146:2:148:Infinity:undefined:undefined:undefined:undefined":5,"s:146:2:148:Infinity":8,"s:147:4:147:Infinity":9,"s:150:2:150:Infinity":10,"s:1:0:248:Infinity":11,"b:1:0:1:Infinity:1:0:249:Infinity":6,"f:185:25:185:26":2,"s:1:0:187:Infinity":12,"b:186:32:186:56:186:56:186:76":7,"f:244:26:244:27":3,"s:1:0:246:Infinity":13}}}
,"/Users/infinitelearner/Code-Repos/vibhordubey/src/lib/posts.ts": {"path":"/Users/infinitelearner/Code-Repos/vibhordubey/src/lib/posts.ts","statementMap":{"0":{"start":{"line":2,"column":0},"end":{"line":2,"column":null}},"1":{"start":{"line":7,"column":2},"end":{"line":15,"column":null}},"2":{"start":{"line":8,"column":21},"end":{"line":8,"column":null}},"3":{"start":{"line":10,"column":4},"end":{"line":12,"column":null}},"4":{"start":{"line":11,"column":6},"end":{"line":11,"column":null}},"5":{"start":{"line":14,"column":4},"end":{"line":14,"column":null}},"6":{"start":{"line":19,"column":16},"end":{"line":19,"column":null}},"7":{"start":{"line":20,"column":16},"end":{"line":20,"column":null}},"8":{"start":{"line":20,"column":58},"end":{"line":20,"column":78}},"9":{"start":{"line":21,"column":2},"end":{"line":21,"column":null}},"10":{"start":{"line":25,"column":2},"end":{"line":30,"column":null}},"11":{"start":{"line":34,"column":20},"end":{"line":34,"column":null}},"12":{"start":{"line":36,"column":2},"end":{"line":40,"column":null}},"13":{"start":{"line":37,"column":4},"end":{"line":39,"column":null}},"14":{"start":{"line":38,"column":6},"end":{"line":38,"column":null}},"15":{"start":{"line":42,"column":2},"end":{"line":48,"column":null}},"16":{"start":{"line":43,"column":30},"end":{"line":47,"column":6}},"17":{"start":{"line":48,"column":27},"end":{"line":48,"column":64}},"18":{"start":{"line":52,"column":2},"end":{"line":52,"column":null}},"19":{"start":{"line":52,"column":42},"end":{"line":52,"column":99}},"20":{"start":{"line":52,"column":71},"end":{"line":52,"column":98}},"21":{"start":{"line":56,"column":2},"end":{"line":56,"column":null}},"22":{"start":{"line":56,"column":47},"end":{"line":56,"column":67}},"23":{"start":{"line":60,"column":2},"end":{"line":64,"column":null}}},"fnMap":{"0":{"name":"sortPosts","decl":{"start":{"line":6,"column":16},"end":{"line":6,"column":26}},"loc":{"start":{"line":6,"column":46},"end":{"line":16,"column":null}},"line":6},"1":{"name":"(anonymous_1)","decl":{"start":{"line":7,"column":25},"end":{"line":7,"column":26}},"loc":{"start":{"line":7,"column":42},"end":{"line":15,"column":3}},"line":7},"2":{"name":"getPublishedPosts","decl":{"start":{"line":18,"column":22},"end":{"line":18,"column":42}},"loc":{"start":{"line":18,"column":42},"end":{"line":22,"column":null}},"line":18},"3":{"name":"(anonymous_3)","decl":{"start":{"line":20,"column":44},"end":{"line":20,"column":45}},"loc":{"start":{"line":20,"column":58},"end":{"line":20,"column":78}},"line":20},"4":{"name":"slugifyTag","decl":{"start":{"line":24,"column":16},"end":{"line":24,"column":27}},"loc":{"start":{"line":24,"column":40},"end":{"line":31,"column":null}},"line":24},"5":{"name":"getTagCollection","decl":{"start":{"line":33,"column":16},"end":{"line":33,"column":33}},"loc":{"start":{"line":33,"column":53},"end":{"line":49,"column":null}},"line":33},"6":{"name":"(anonymous_6)","decl":{"start":{"line":43,"column":9},"end":{"line":43,"column":10}},"loc":{"start":{"line":43,"column":30},"end":{"line":47,"column":6}},"line":43},"7":{"name":"(anonymous_7)","decl":{"start":{"line":48,"column":10},"end":{"line":48,"column":11}},"loc":{"start":{"line":48,"column":27},"end":{"line":48,"column":64}},"line":48},"8":{"name":"getPostsForTag","decl":{"start":{"line":51,"column":16},"end":{"line":51,"column":31}},"loc":{"start":{"line":51,"column":68},"end":{"line":53,"column":null}},"line":51},"9":{"name":"(anonymous_9)","decl":{"start":{"line":52,"column":32},"end":{"line":52,"column":33}},"loc":{"start":{"line":52,"column":42},"end":{"line":52,"column":99}},"line":52},"10":{"name":"(anonymous_10)","decl":{"start":{"line":52,"column":62},"end":{"line":52,"column":63}},"loc":{"start":{"line":52,"column":71},"end":{"line":52,"column":98}},"line":52},"11":{"name":"getTagLabel","decl":{"start":{"line":55,"column":16},"end":{"line":55,"column":28}},"loc":{"start":{"line":55,"column":65},"end":{"line":57,"column":null}},"line":55},"12":{"name":"(anonymous_12)","decl":{"start":{"line":56,"column":38},"end":{"line":56,"column":39}},"loc":{"start":{"line":56,"column":47},"end":{"line":56,"column":67}},"line":56},"13":{"name":"formatDate","decl":{"start":{"line":59,"column":16},"end":{"line":59,"column":27}},"loc":{"start":{"line":59,"column":39},"end":{"line":65,"column":null}},"line":59}},"branchMap":{"0":{"loc":{"start":{"line":10,"column":4},"end":{"line":12,"column":null}},"type":"if","locations":[{"start":{"line":10,"column":4},"end":{"line":12,"column":null}},{"start":{},"end":{}}],"line":10},"1":{"loc":{"start":{"line":19,"column":16},"end":{"line":19,"column":null}},"type":"binary-expr","locations":[{"start":{"line":19,"column":16},"end":{"line":19,"column":46}},{"start":{"line":19,"column":46},"end":{"line":19,"column":null}}],"line":19},"2":{"loc":{"start":{"line":20,"column":58},"end":{"line":20,"column":78}},"type":"binary-expr","locations":[{"start":{"line":20,"column":58},"end":{"line":20,"column":67}},{"start":{"line":20,"column":67},"end":{"line":20,"column":78}}],"line":20},"3":{"loc":{"start":{"line":38,"column":26},"end":{"line":38,"column":53}},"type":"binary-expr","locations":[{"start":{"line":38,"column":26},"end":{"line":38,"column":48}},{"start":{"line":38,"column":48},"end":{"line":38,"column":53}}],"line":38}},"s":{"0":1,"1":6,"2":8,"3":8,"4":5,"5":3,"6":2,"7":2,"8":6,"9":2,"10":31,"11":4,"12":4,"13":12,"14":20,"15":4,"16":12,"17":8,"18":3,"19":9,"20":14,"21":3,"22":7,"23":1},"f":{"0":6,"1":8,"2":2,"3":6,"4":31,"5":4,"6":12,"7":8,"8":3,"9":9,"10":14,"11":3,"12":7,"13":1},"b":{"0":[5,3],"1":[2,1],"2":[6,3],"3":[20,12]},"meta":{"lastBranch":4,"lastFunction":14,"lastStatement":24,"seen":{"s:2:0:2:Infinity":0,"f:6:16:6:26":0,"s:7:2:15:Infinity":1,"f:7:25:7:26":1,"s:8:21:8:Infinity":2,"b:10:4:12:Infinity:undefined:undefined:undefined:undefined":0,"s:10:4:12:Infinity":3,"s:11:6:11:Infinity":4,"s:14:4:14:Infinity":5,"f:18:22:18:42":2,"s:19:16:19:Infinity":6,"b:19:16:19:46:19:46:19:Infinity":1,"s:20:16:20:Infinity":7,"f:20:44:20:45":3,"s:20:58:20:78":8,"b:20:58:20:67:20:67:20:78":2,"s:21:2:21:Infinity":9,"f:24:16:24:27":4,"s:25:2:30:Infinity":10,"f:33:16:33:33":5,"s:34:20:34:Infinity":11,"s:36:2:40:Infinity":12,"s:37:4:39:Infinity":13,"s:38:6:38:Infinity":14,"b:38:26:38:48:38:48:38:53":3,"s:42:2:48:Infinity":15,"f:43:9:43:10":6,"s:43:30:47:6":16,"f:48:10:48:11":7,"s:48:27:48:64":17,"f:51:16:51:31":8,"s:52:2:52:Infinity":18,"f:52:32:52:33":9,"s:52:42:52:99":19,"f:52:62:52:63":10,"s:52:71:52:98":20,"f:55:16:55:28":11,"s:56:2:56:Infinity":21,"f:56:38:56:39":12,"s:56:47:56:67":22,"f:59:16:59:27":13,"s:60:2:64:Infinity":23}}}
,"/Users/infinitelearner/Code-Repos/vibhordubey/src/lib/url.ts": {"path":"/Users/infinitelearner/Code-Repos/vibhordubey/src/lib/url.ts","statementMap":{"0":{"start":{"line":1,"column":0},"end":{"line":1,"column":null}},"1":{"start":{"line":4,"column":2},"end":{"line":6,"column":null}},"2":{"start":{"line":5,"column":4},"end":{"line":5,"column":null}},"3":{"start":{"line":9,"column":18},"end":{"line":9,"column":null}},"4":{"start":{"line":10,"column":15},"end":{"line":12,"column":null}},"5":{"start":{"line":13,"column":21},"end":{"line":13,"column":null}},"6":{"start":{"line":15,"column":2},"end":{"line":17,"column":null}},"7":{"start":{"line":16,"column":4},"end":{"line":16,"column":null}},"8":{"start":{"line":19,"column":2},"end":{"line":19,"column":null}},"9":{"start":{"line":23,"column":15},"end":{"line":23,"column":null}},"10":{"start":{"line":24,"column":2},"end":{"line":24,"column":null}}},"fnMap":{"0":{"name":"withBase","decl":{"start":{"line":3,"column":16},"end":{"line":3,"column":25}},"loc":{"start":{"line":3,"column":37},"end":{"line":20,"column":null}},"line":3},"1":{"name":"absoluteUrl","decl":{"start":{"line":22,"column":16},"end":{"line":22,"column":28}},"loc":{"start":{"line":22,"column":80},"end":{"line":25,"column":null}},"line":22}},"branchMap":{"0":{"loc":{"start":{"line":3,"column":25},"end":{"line":3,"column":37}},"type":"default-arg","locations":[{"start":{"line":3,"column":32},"end":{"line":3,"column":37}}],"line":3},"1":{"loc":{"start":{"line":4,"column":2},"end":{"line":6,"column":null}},"type":"if","locations":[{"start":{"line":4,"column":2},"end":{"line":6,"column":null}},{"start":{},"end":{}}],"line":4},"2":{"loc":{"start":{"line":9,"column":18},"end":{"line":9,"column":null}},"type":"binary-expr","locations":[{"start":{"line":9,"column":18},"end":{"line":9,"column":42}},{"start":{"line":9,"column":42},"end":{"line":9,"column":71}},{"start":{"line":9,"column":71},"end":{"line":9,"column":null}}],"line":9},"3":{"loc":{"start":{"line":10,"column":15},"end":{"line":12,"column":null}},"type":"cond-expr","locations":[{"start":{"line":11,"column":6},"end":{"line":11,"column":null}},{"start":{"line":12,"column":6},"end":{"line":12,"column":null}}],"line":10},"4":{"loc":{"start":{"line":13,"column":21},"end":{"line":13,"column":null}},"type":"cond-expr","locations":[{"start":{"line":13,"column":44},"end":{"line":13,"column":51}},{"start":{"line":13,"column":51},"end":{"line":13,"column":null}}],"line":13},"5":{"loc":{"start":{"line":15,"column":2},"end":{"line":17,"column":null}},"type":"if","locations":[{"start":{"line":15,"column":2},"end":{"line":17,"column":null}},{"start":{},"end":{}}],"line":15},"6":{"loc":{"start":{"line":16,"column":14},"end":{"line":16,"column":25}},"type":"binary-expr","locations":[{"start":{"line":16,"column":14},"end":{"line":16,"column":22}},{"start":{"line":16,"column":22},"end":{"line":16,"column":25}}],"line":16},"7":{"loc":{"start":{"line":22,"column":28},"end":{"line":22,"column":40}},"type":"default-arg","locations":[{"start":{"line":22,"column":35},"end":{"line":22,"column":40}}],"line":22},"8":{"loc":{"start":{"line":22,"column":40},"end":{"line":22,"column":80}},"type":"default-arg","locations":[{"start":{"line":22,"column":61},"end":{"line":22,"column":80}}],"line":22}},"s":{"0":12,"1":167,"2":12,"3":155,"4":167,"5":167,"6":167,"7":25,"8":130,"9":71,"10":71},"f":{"0":167,"1":71},"b":{"0":[167],"1":[12,155],"2":[155,2,2],"3":[155,0],"4":[154,1],"5":[25,142],"6":[25,22],"7":[71],"8":[71]},"meta":{"lastBranch":9,"lastFunction":2,"lastStatement":11,"seen":{"s:1:0:1:Infinity":0,"f:3:16:3:25":0,"b:3:32:3:37":0,"b:4:2:6:Infinity:undefined:undefined:undefined:undefined":1,"s:4:2:6:Infinity":1,"s:5:4:5:Infinity":2,"s:9:18:9:Infinity":3,"b:9:18:9:42:9:42:9:71:9:71:9:Infinity":2,"s:10:15:12:Infinity":4,"b:11:6:11:Infinity:12:6:12:Infinity":3,"s:13:21:13:Infinity":5,"b:13:44:13:51:13:51:13:Infinity":4,"b:15:2:17:Infinity:undefined:undefined:undefined:undefined":5,"s:15:2:17:Infinity":6,"s:16:4:16:Infinity":7,"b:16:14:16:22:16:22:16:25":6,"s:19:2:19:Infinity":8,"f:22:16:22:28":1,"b:22:35:22:40":7,"b:22:61:22:80":8,"s:23:15:23:Infinity":9,"s:24:2:24:Infinity":10}}}
,"/Users/infinitelearner/Code-Repos/vibhordubey/src/pages/404.astro": {"path":"/Users/infinitelearner/Code-Repos/vibhordubey/src/pages/404.astro","statementMap":{"0":{"start":{"line":1,"column":0},"end":{"line":1,"column":null}}},"fnMap":{"0":{"name":"(anonymous_0)","decl":{"start":{"line":1,"column":0},"end":{"line":1,"column":null}},"loc":{"start":{"line":1,"column":0},"end":{"line":1,"column":null}},"line":1}},"branchMap":{},"s":{"0":1},"f":{"0":2},"b":{},"meta":{"lastBranch":0,"lastFunction":1,"lastStatement":1,"seen":{"s:1:0:1:Infinity":0,"f:1:0:1:Infinity":0}}}
,"/Users/infinitelearner/Code-Repos/vibhordubey/src/pages/about.astro": {"path":"/Users/infinitelearner/Code-Repos/vibhordubey/src/pages/about.astro","statementMap":{"0":{"start":{"line":1,"column":0},"end":{"line":1,"column":null}},"1":{"start":{"line":7,"column":15},"end":{"line":15,"column":null}},"2":{"start":{"line":1,"column":0},"end":{"line":24,"column":null}}},"fnMap":{"0":{"name":"(anonymous_0)","decl":{"start":{"line":1,"column":0},"end":{"line":1,"column":null}},"loc":{"start":{"line":1,"column":0},"end":{"line":1,"column":null}},"line":1}},"branchMap":{"0":{"loc":{"start":{"line":13,"column":30},"end":{"line":13,"column":61}},"type":"binary-expr","locations":[{"start":{"line":13,"column":30},"end":{"line":13,"column":44}},{"start":{"line":13,"column":44},"end":{"line":13,"column":61}}],"line":13}},"s":{"0":1,"1":1,"2":1},"f":{"0":2},"b":{"0":[1,1]},"meta":{"lastBranch":1,"lastFunction":1,"lastStatement":3,"seen":{"s:1:0:1:Infinity":0,"f:1:0:1:Infinity":0,"s:7:15:15:Infinity":1,"b:13:30:13:44:13:44:13:61":0,"s:1:0:24:Infinity":2}}}
,"/Users/infinitelearner/Code-Repos/vibhordubey/src/pages/index.astro": {"path":"/Users/infinitelearner/Code-Repos/vibhordubey/src/pages/index.astro","statementMap":{"0":{"start":{"line":1,"column":0},"end":{"line":1,"column":null}},"1":{"start":{"line":8,"column":14},"end":{"line":8,"column":null}},"2":{"start":{"line":9,"column":20},"end":{"line":9,"column":null}},"3":{"start":{"line":11,"column":15},"end":{"line":27,"column":null}},"4":{"start":{"line":1,"column":0},"end":{"line":56,"column":null}},"5":{"start":{"line":1,"column":0},"end":{"line":53,"column":null}}},"fnMap":{"0":{"name":"(anonymous_0)","decl":{"start":{"line":1,"column":0},"end":{"line":1,"column":null}},"loc":{"start":{"line":1,"column":0},"end":{"line":1,"column":null}},"line":1},"1":{"name":"(anonymous_1)","decl":{"start":{"line":44,"column":23},"end":{"line":44,"column":24}},"loc":{"start":{"line":1,"column":0},"end":{"line":53,"column":null}},"line":1}},"branchMap":{"0":{"loc":{"start":{"line":17,"column":26},"end":{"line":17,"column":57}},"type":"binary-expr","locations":[{"start":{"line":17,"column":26},"end":{"line":17,"column":40}},{"start":{"line":17,"column":40},"end":{"line":17,"column":57}}],"line":17}},"s":{"0":1,"1":1,"2":1,"3":1,"4":1,"5":2},"f":{"0":2,"1":2},"b":{"0":[1,1]},"meta":{"lastBranch":1,"lastFunction":2,"lastStatement":6,"seen":{"s:1:0:1:Infinity":0,"f:1:0:1:Infinity":0,"s:8:14:8:Infinity":1,"s:9:20:9:Infinity":2,"s:11:15:27:Infinity":3,"b:17:26:17:40:17:40:17:57":0,"s:1:0:56:Infinity":4,"f:44:23:44:24":1,"s:1:0:53:Infinity":5}}}
,"/Users/infinitelearner/Code-Repos/vibhordubey/src/pages/rss.xml.ts": {"path":"/Users/infinitelearner/Code-Repos/vibhordubey/src/pages/rss.xml.ts","statementMap":{"0":{"start":{"line":8,"column":16},"end":{"line":8,"column":null}},"1":{"start":{"line":10,"column":2},"end":{"line":23,"column":null}},"2":{"start":{"line":15,"column":32},"end":{"line":21,"column":6}}},"fnMap":{"0":{"name":"GET","decl":{"start":{"line":7,"column":22},"end":{"line":7,"column":26}},"loc":{"start":{"line":7,"column":47},"end":{"line":24,"column":null}},"line":7},"1":{"name":"(anonymous_1)","decl":{"start":{"line":15,"column":21},"end":{"line":15,"column":22}},"loc":{"start":{"line":15,"column":32},"end":{"line":21,"column":6}},"line":15}},"branchMap":{"0":{"loc":{"start":{"line":13,"column":27},"end":{"line":13,"column":60}},"type":"binary-expr","locations":[{"start":{"line":13,"column":27},"end":{"line":13,"column":43}},{"start":{"line":13,"column":43},"end":{"line":13,"column":60}}],"line":13},"1":{"loc":{"start":{"line":22,"column":68},"end":{"line":22,"column":101}},"type":"binary-expr","locations":[{"start":{"line":22,"column":68},"end":{"line":22,"column":84}},{"start":{"line":22,"column":84},"end":{"line":22,"column":101}}],"line":22}},"s":{"0":2,"1":2,"2":2},"f":{"0":2,"1":2},"b":{"0":[2,1],"1":[2,1]},"meta":{"lastBranch":2,"lastFunction":2,"lastStatement":3,"seen":{"f:7:22:7:26":0,"s:8:16:8:Infinity":0,"s:10:2:23:Infinity":1,"b:13:27:13:43:13:43:13:60":0,"f:15:21:15:22":1,"s:15:32:21:6":2,"b:22:68:22:84:22:84:22:101":1}}}
,"/Users/infinitelearner/Code-Repos/vibhordubey/src/pages/blog/[...slug].astro": {"path":"/Users/infinitelearner/Code-Repos/vibhordubey/src/pages/blog/[...slug].astro","statementMap":{"0":{"start":{"line":1,"column":0},"end":{"line":1,"column":null}},"1":{"start":{"line":12,"column":16},"end":{"line":12,"column":null}},"2":{"start":{"line":14,"column":2},"end":{"line":17,"column":null}},"3":{"start":{"line":14,"column":30},"end":{"line":17,"column":4}},"4":{"start":{"line":24,"column":17},"end":{"line":24,"column":null}},"5":{"start":{"line":25,"column":20},"end":{"line":25,"column":null}},"6":{"start":{"line":26,"column":22},"end":{"line":26,"column":null}},"7":{"start":{"line":27,"column":21},"end":{"line":27,"column":null}},"8":{"start":{"line":28,"column":6},"end":{"line":28,"column":null}},"9":{"start":{"line":30,"column":15},"end":{"line":52,"column":null}},"10":{"start":{"line":1,"column":0},"end":{"line":85,"column":22}},"11":{"start":{"line":1,"column":0},"end":{"line":82,"column":null}}},"fnMap":{"0":{"name":"getStaticPaths","decl":{"start":{"line":11,"column":22},"end":{"line":11,"column":39}},"loc":{"start":{"line":11,"column":39},"end":{"line":1,"column":null}},"line":11},"1":{"name":"(anonymous_1)","decl":{"start":{"line":14,"column":19},"end":{"line":14,"column":20}},"loc":{"start":{"line":14,"column":30},"end":{"line":17,"column":4}},"line":14},"2":{"name":"(anonymous_2)","decl":{"start":{"line":1,"column":0},"end":{"line":1,"column":null}},"loc":{"start":{"line":1,"column":0},"end":{"line":1,"column":null}},"line":1}},"branchMap":{"0":{"loc":{"start":{"line":27,"column":21},"end":{"line":27,"column":null}},"type":"binary-expr","locations":[{"start":{"line":27,"column":21},"end":{"line":27,"column":46}},{"start":{"line":27,"column":46},"end":{"line":27,"column":null}}],"line":27},"1":{"loc":{"start":{"line":28,"column":46},"end":{"line":28,"column":77}},"type":"binary-expr","locations":[{"start":{"line":28,"column":46},"end":{"line":28,"column":60}},{"start":{"line":28,"column":60},"end":{"line":28,"column":77}}],"line":28},"2":{"loc":{"start":{"line":49,"column":21},"end":{"line":49,"column":71}},"type":"binary-expr","locations":[{"start":{"line":49,"column":21},"end":{"line":49,"column":44}},{"start":{"line":49,"column":44},"end":{"line":49,"column":71}}],"line":49},"3":{"loc":{"start":{"line":49,"column":71},"end":{"line":49,"column":102}},"type":"binary-expr","locations":[{"start":{"line":49,"column":71},"end":{"line":49,"column":85}},{"start":{"line":49,"column":85},"end":{"line":49,"column":102}}],"line":49},"4":{"loc":{"start":{"line":50,"column":18},"end":{"line":50,"column":null}},"type":"binary-expr","locations":[{"start":{"line":50,"column":18},"end":{"line":50,"column":40}},{"start":{"line":50,"column":40},"end":{"line":50,"column":null}}],"line":50},"5":{"loc":{"start":{"line":59,"column":9},"end":{"line":59,"column":null}},"type":"binary-expr","locations":[{"start":{"line":59,"column":9},"end":{"line":59,"column":null}},{"start":{"line":59,"column":9},"end":{"line":59,"column":null}}],"line":59},"6":{"loc":{"start":{"line":74,"column":9},"end":{"line":74,"column":90}},"type":"binary-expr","locations":[{"start":{"line":74,"column":9},"end":{"line":74,"column":49}},{"start":{"line":1,"column":0},"end":{"line":74,"column":90}}],"line":74},"7":{"loc":{"start":{"line":75,"column":9},"end":{"line":75,"column":64}},"type":"binary-expr","locations":[{"start":{"line":75,"column":9},"end":{"line":75,"column":38}},{"start":{"line":1,"column":0},"end":{"line":75,"column":64}}],"line":75}},"s":{"0":1,"1":1,"2":1,"3":1,"4":1,"5":1,"6":1,"7":1,"8":1,"9":1,"10":1,"11":1},"f":{"0":1,"1":1,"2":3},"b":{"0":[1,0],"1":[1,1],"2":[1,1],"3":[1,1],"4":[1,1],"5":[1,1],"6":[1,1],"7":[1,0]},"meta":{"lastBranch":8,"lastFunction":3,"lastStatement":12,"seen":{"s:1:0:1:Infinity":0,"f:11:22:11:39":0,"s:12:16:12:Infinity":1,"s:14:2:17:Infinity":2,"f:14:19:14:20":1,"s:14:30:17:4":3,"f:1:0:1:Infinity":2,"s:24:17:24:Infinity":4,"s:25:20:25:Infinity":5,"s:26:22:26:Infinity":6,"s:27:21:27:Infinity":7,"b:27:21:27:46:27:46:27:Infinity":0,"s:28:6:28:Infinity":8,"b:28:46:28:60:28:60:28:77":1,"s:30:15:52:Infinity":9,"b:49:21:49:44:49:44:49:71":2,"b:49:71:49:85:49:85:49:102":3,"b:50:18:50:40:50:40:50:Infinity":4,"b:59:9:59:Infinity:59:9:59:Infinity":5,"s:1:0:85:22":10,"b:74:9:74:49:1:0:74:90":6,"b:75:9:75:38:1:0:75:64":7,"s:1:0:82:Infinity":11}}}
,"/Users/infinitelearner/Code-Repos/vibhordubey/src/pages/blog/index.astro": {"path":"/Users/infinitelearner/Code-Repos/vibhordubey/src/pages/blog/index.astro","statementMap":{"0":{"start":{"line":1,"column":0},"end":{"line":1,"column":null}},"1":{"start":{"line":6,"column":14},"end":{"line":6,"column":null}},"2":{"start":{"line":1,"column":0},"end":{"line":15,"column":null}}},"fnMap":{"0":{"name":"(anonymous_0)","decl":{"start":{"line":1,"column":0},"end":{"line":1,"column":null}},"loc":{"start":{"line":1,"column":0},"end":{"line":1,"column":null}},"line":1},"1":{"name":"(anonymous_1)","decl":{"start":{"line":15,"column":27},"end":{"line":15,"column":28}},"loc":{"start":{"line":1,"column":0},"end":{"line":1,"column":null}},"line":1}},"branchMap":{},"s":{"0":2,"1":1,"2":1},"f":{"0":2,"1":2},"b":{},"meta":{"lastBranch":0,"lastFunction":2,"lastStatement":3,"seen":{"s:1:0:1:Infinity":0,"f:1:0:1:Infinity":0,"s:6:14:6:Infinity":1,"s:1:0:15:Infinity":2,"f:15:27:15:28":1}}}
,"/Users/infinitelearner/Code-Repos/vibhordubey/src/pages/tags/[tag].astro": {"path":"/Users/infinitelearner/Code-Repos/vibhordubey/src/pages/tags/[tag].astro","statementMap":{"0":{"start":{"line":1,"column":0},"end":{"line":1,"column":null}},"1":{"start":{"line":7,"column":16},"end":{"line":7,"column":null}},"2":{"start":{"line":8,"column":8},"end":{"line":8,"column":null}},"3":{"start":{"line":10,"column":2},"end":{"line":13,"column":null}},"4":{"start":{"line":10,"column":28},"end":{"line":13,"column":4}},"5":{"start":{"line":16,"column":34},"end":{"line":16,"column":null}},"6":{"start":{"line":17,"column":6},"end":{"line":17,"column":null}},"7":{"start":{"line":18,"column":17},"end":{"line":18,"column":null}},"8":{"start":{"line":1,"column":0},"end":{"line":33,"column":null}}},"fnMap":{"0":{"name":"getStaticPaths","decl":{"start":{"line":6,"column":22},"end":{"line":6,"column":39}},"loc":{"start":{"line":6,"column":39},"end":{"line":1,"column":null}},"line":6},"1":{"name":"(anonymous_1)","decl":{"start":{"line":10,"column":18},"end":{"line":10,"column":19}},"loc":{"start":{"line":10,"column":28},"end":{"line":13,"column":4}},"line":10},"2":{"name":"(anonymous_2)","decl":{"start":{"line":1,"column":0},"end":{"line":1,"column":null}},"loc":{"start":{"line":1,"column":0},"end":{"line":1,"column":null}},"line":1},"3":{"name":"(anonymous_3)","decl":{"start":{"line":33,"column":18},"end":{"line":33,"column":19}},"loc":{"start":{"line":1,"column":0},"end":{"line":1,"column":null}},"line":1}},"branchMap":{"0":{"loc":{"start":{"line":18,"column":17},"end":{"line":18,"column":null}},"type":"binary-expr","locations":[{"start":{"line":18,"column":17},"end":{"line":18,"column":26}},{"start":{"line":18,"column":17},"end":{"line":18,"column":57}},{"start":{"line":18,"column":57},"end":{"line":18,"column":null}}],"line":18},"1":{"loc":{"start":{"line":29,"column":30},"end":{"line":29,"column":62}},"type":"cond-expr","locations":[{"start":{"line":29,"column":54},"end":{"line":29,"column":59}},{"start":{"line":29,"column":59},"end":{"line":29,"column":62}}],"line":29}},"s":{"0":1,"1":1,"2":1,"3":1,"4":1,"5":2,"6":2,"7":2,"8":2},"f":{"0":1,"1":1,"2":4,"3":1},"b":{"0":[2,2,0],"1":[1,1]},"meta":{"lastBranch":2,"lastFunction":4,"lastStatement":9,"seen":{"s:1:0:1:Infinity":0,"f:6:22:6:39":0,"s:7:16:7:Infinity":1,"s:8:8:8:Infinity":2,"s:10:2:13:Infinity":3,"f:10:18:10:19":1,"s:10:28:13:4":4,"f:1:0:1:Infinity":2,"s:16:34:16:Infinity":5,"s:17:6:17:Infinity":6,"s:18:17:18:Infinity":7,"b:18:17:18:26:18:17:18:57:18:57:18:Infinity":0,"s:1:0:33:Infinity":8,"b:29:54:29:59:29:59:29:62":1,"f:33:18:33:19":3}}}
,"/Users/infinitelearner/Code-Repos/vibhordubey/src/pages/tags/index.astro": {"path":"/Users/infinitelearner/Code-Repos/vibhordubey/src/pages/tags/index.astro","statementMap":{"0":{"start":{"line":1,"column":0},"end":{"line":1,"column":null}},"1":{"start":{"line":6,"column":14},"end":{"line":6,"column":null}},"2":{"start":{"line":7,"column":6},"end":{"line":7,"column":null}},"3":{"start":{"line":1,"column":0},"end":{"line":32,"column":null}},"4":{"start":{"line":1,"column":0},"end":{"line":29,"column":null}}},"fnMap":{"0":{"name":"(anonymous_0)","decl":{"start":{"line":1,"column":0},"end":{"line":1,"column":null}},"loc":{"start":{"line":1,"column":0},"end":{"line":1,"column":null}},"line":1},"1":{"name":"(anonymous_1)","decl":{"start":{"line":26,"column":8},"end":{"line":26,"column":9}},"loc":{"start":{"line":1,"column":0},"end":{"line":29,"column":null}},"line":1}},"branchMap":{"0":{"loc":{"start":{"line":29,"column":33},"end":{"line":29,"column":59}},"type":"cond-expr","locations":[{"start":{"line":29,"column":51},"end":{"line":29,"column":56}},{"start":{"line":29,"column":56},"end":{"line":29,"column":59}}],"line":29}},"s":{"0":1,"1":1,"2":1,"3":1,"4":2},"f":{"0":2,"1":2},"b":{"0":[1,1]},"meta":{"lastBranch":1,"lastFunction":2,"lastStatement":5,"seen":{"s:1:0:1:Infinity":0,"f:1:0:1:Infinity":0,"s:6:14:6:Infinity":1,"s:7:6:7:Infinity":2,"s:1:0:32:Infinity":3,"f:26:8:26:9":1,"s:1:0:29:Infinity":4,"b:29:51:29:56:29:56:29:59":0}}}
}
